0 info it worked if it ends with ok
1 verbose cli [ '/usr/local/bin/node',
1 verbose cli   '/usr/local/bin/npm',
1 verbose cli   'install',
1 verbose cli   'yarn',
1 verbose cli   '-g' ]
2 info using npm@3.3.12
3 info using node@v5.1.1
4 silly loadCurrentTree Starting
5 silly install loadCurrentTree
6 silly install readGlobalPackageData
7 silly fetchPackageMetaData yarn
8 silly fetchNamedPackageData yarn
9 silly mapToRegistry name yarn
10 silly mapToRegistry using default registry
11 silly mapToRegistry registry https://registry.npmjs.org/
12 silly mapToRegistry uri https://registry.npmjs.org/yarn
13 verbose request uri https://registry.npmjs.org/yarn
14 verbose request no auth needed
15 info attempt registry request try #1 at 9:22:19 PM
16 verbose request id ad48346de9eefc09
17 http request GET https://registry.npmjs.org/yarn
18 http 200 https://registry.npmjs.org/yarn
19 verbose headers { date: 'Tue, 29 May 2018 04:22:20 GMT',
19 verbose headers   'content-type': 'application/json; charset=UTF-8',
19 verbose headers   'transfer-encoding': 'chunked',
19 verbose headers   connection: 'keep-alive',
19 verbose headers   'set-cookie': [ '__cfduid=d6274fab538c06cba8b42b55b63104f841527567740; expires=Wed, 29-May-19 04:22:20 GMT; path=/; domain=.registry.npmjs.org; HttpOnly; Secure' ],
19 verbose headers   'cache-control': 'max-age=300',
19 verbose headers   'cf-cache-status': 'HIT',
19 verbose headers   'cf-ray': '42262de73f3cbcb0-SEA',
19 verbose headers   etag: 'W/"80e12badb08853125516c0bc1244211e"',
19 verbose headers   'expect-ct': 'max-age=604800, report-uri="https://report-uri.cloudflare.com/cdn-cgi/beacon/expect-ct"',
19 verbose headers   'last-modified': 'Sun, 27 May 2018 22:36:13 GMT',
19 verbose headers   vary: 'accept-encoding, accept',
19 verbose headers   server: 'cloudflare',
19 verbose headers   'content-encoding': 'gzip' }
20 silly get cb [ 200,
20 silly get   { date: 'Tue, 29 May 2018 04:22:20 GMT',
20 silly get     'content-type': 'application/json; charset=UTF-8',
20 silly get     'transfer-encoding': 'chunked',
20 silly get     connection: 'keep-alive',
20 silly get     'set-cookie': [ '__cfduid=d6274fab538c06cba8b42b55b63104f841527567740; expires=Wed, 29-May-19 04:22:20 GMT; path=/; domain=.registry.npmjs.org; HttpOnly; Secure' ],
20 silly get     'cache-control': 'max-age=300',
20 silly get     'cf-cache-status': 'HIT',
20 silly get     'cf-ray': '42262de73f3cbcb0-SEA',
20 silly get     etag: 'W/"80e12badb08853125516c0bc1244211e"',
20 silly get     'expect-ct': 'max-age=604800, report-uri="https://report-uri.cloudflare.com/cdn-cgi/beacon/expect-ct"',
20 silly get     'last-modified': 'Sun, 27 May 2018 22:36:13 GMT',
20 silly get     vary: 'accept-encoding, accept',
20 silly get     server: 'cloudflare',
20 silly get     'content-encoding': 'gzip' } ]
21 verbose get saving yarn to /Users/Connor/.npm/registry.npmjs.org/yarn/.cache.json
22 silly install normalizeTree
23 silly loadCurrentTree Finishing
24 silly loadIdealTree Starting
25 silly install loadIdealTree
26 silly cloneCurrentTree Starting
27 silly install cloneCurrentTreeToIdealTree
28 silly cloneCurrentTree Finishing
29 silly loadShrinkwrap Starting
30 silly install loadShrinkwrap
31 silly loadShrinkwrap Finishing
32 silly loadAllDepsIntoIdealTree Starting
33 silly install loadAllDepsIntoIdealTree
34 silly resolveWithNewModule yarn@1.7.0 checking installable status
35 silly cache add args [ 'yarn', null ]
36 verbose cache add spec yarn
37 silly cache add parsed spec Result {
37 silly cache add   raw: 'yarn',
37 silly cache add   scope: null,
37 silly cache add   name: 'yarn',
37 silly cache add   rawSpec: '',
37 silly cache add   spec: '*',
37 silly cache add   type: 'range' }
38 silly addNamed yarn@*
39 verbose addNamed "*" is a valid semver range for yarn
40 silly addNameRange { name: 'yarn', range: '*', hasData: false }
41 silly mapToRegistry name yarn
42 silly mapToRegistry using default registry
43 silly mapToRegistry registry https://registry.npmjs.org/
44 silly mapToRegistry uri https://registry.npmjs.org/yarn
45 verbose addNameRange registry:https://registry.npmjs.org/yarn not in flight; fetching
46 verbose get https://registry.npmjs.org/yarn not expired, no request
47 silly addNameRange number 2 { name: 'yarn', range: '*', hasData: true }
48 silly addNameRange versions [ 'yarn',
48 silly addNameRange   [ '0.1.0',
48 silly addNameRange     '0.1.1',
48 silly addNameRange     '0.1.2',
48 silly addNameRange     '0.1.3',
48 silly addNameRange     '0.15.1',
48 silly addNameRange     '0.16.0',
48 silly addNameRange     '0.16.1',
48 silly addNameRange     '0.17.0',
48 silly addNameRange     '0.17.2',
48 silly addNameRange     '0.17.3',
48 silly addNameRange     '0.17.4',
48 silly addNameRange     '0.17.5',
48 silly addNameRange     '0.17.6',
48 silly addNameRange     '0.17.7',
48 silly addNameRange     '0.17.8',
48 silly addNameRange     '0.17.9',
48 silly addNameRange     '0.17.10',
48 silly addNameRange     '0.18.0',
48 silly addNameRange     '0.18.1',
48 silly addNameRange     '0.19.0',
48 silly addNameRange     '0.19.1',
48 silly addNameRange     '0.20.0',
48 silly addNameRange     '0.21.0',
48 silly addNameRange     '0.20.3',
48 silly addNameRange     '0.21.1',
48 silly addNameRange     '0.21.2',
48 silly addNameRange     '0.18.2',
48 silly addNameRange     '0.20.4',
48 silly addNameRange     '0.21.3',
48 silly addNameRange     '0.22.0',
48 silly addNameRange     '0.23.0',
48 silly addNameRange     '0.23.1',
48 silly addNameRange     '0.23.2',
48 silly addNameRange     '0.23.3',
48 silly addNameRange     '0.23.4',
48 silly addNameRange     '0.24.0',
48 silly addNameRange     '0.24.1',
48 silly addNameRange     '0.24.2',
48 silly addNameRange     '0.24.3',
48 silly addNameRange     '0.24.4',
48 silly addNameRange     '0.25.1',
48 silly addNameRange     '0.24.5',
48 silly addNameRange     '0.25.2',
48 silly addNameRange     '0.24.6',
48 silly addNameRange     '0.25.3',
48 silly addNameRange     '0.25.4',
48 silly addNameRange     '0.26.0',
48 silly addNameRange     '0.26.1',
48 silly addNameRange     '0.27.0',
48 silly addNameRange     '0.27.1',
48 silly addNameRange     '0.27.2',
48 silly addNameRange     '0.27.3',
48 silly addNameRange     '0.27.4',
48 silly addNameRange     '0.27.5',
48 silly addNameRange     '0.28.1',
48 silly addNameRange     '0.28.4',
48 silly addNameRange     '1.0.0',
48 silly addNameRange     '1.0.1',
48 silly addNameRange     '1.0.2',
48 silly addNameRange     '1.1.0',
48 silly addNameRange     '1.2.0',
48 silly addNameRange     '1.2.1',
48 silly addNameRange     '1.3.1',
48 silly addNameRange     '1.3.2',
48 silly addNameRange     '1.4.0',
48 silly addNameRange     '1.5.0',
48 silly addNameRange     '1.5.1',
48 silly addNameRange     '1.6.0',
48 silly addNameRange     '1.7.0' ] ]
49 silly addNamed yarn@1.7.0
50 verbose addNamed "1.7.0" is a plain semver version for yarn
51 silly mapToRegistry name yarn
52 silly mapToRegistry using default registry
53 silly mapToRegistry registry https://registry.npmjs.org/
54 silly mapToRegistry uri https://registry.npmjs.org/yarn
55 verbose addRemoteTarball https://registry.npmjs.org/yarn/-/yarn-1.7.0.tgz not in flight; adding
56 verbose addRemoteTarball [ 'https://registry.npmjs.org/yarn/-/yarn-1.7.0.tgz',
56 verbose addRemoteTarball   '0076b9fde6010e01950526a609bc53bc175ef925' ]
57 info retry fetch attempt 1 at 9:22:20 PM
58 info attempt registry request try #1 at 9:22:20 PM
59 http fetch GET https://registry.npmjs.org/yarn/-/yarn-1.7.0.tgz
60 http fetch 200 https://registry.npmjs.org/yarn/-/yarn-1.7.0.tgz
61 silly fetchAndShaCheck shasum 0076b9fde6010e01950526a609bc53bc175ef925
62 verbose addTmpTarball /var/folders/cg/5yf3dlcs2pj6g4p0tq1svlf00000gn/T/npm-5121-d46fdfe8/registry.npmjs.org/yarn/-/yarn-1.7.0.tgz not in flight; adding
63 verbose addTmpTarball already have metadata; skipping unpack for yarn@1.7.0
64 silly cache afterAdd yarn@1.7.0
65 verbose afterAdd /Users/Connor/.npm/yarn/1.7.0/package/package.json not in flight; writing
66 verbose afterAdd /Users/Connor/.npm/yarn/1.7.0/package/package.json written
67 silly loadAllDepsIntoIdealTree Finishing
68 silly idealTree:prePrune lib
68 silly idealTree:prePrune └── yarn@1.7.0
69 silly loadIdealTree Finishing
70 silly currentTree lib
71 silly idealTree lib
71 silly idealTree └── yarn@1.7.0
72 silly generateActionsToTake Starting
73 silly install generateActionsToTake
74 warn checkPermissions Missing write access to /usr/local/lib/node_modules
75 silly rollbackFailedOptional Starting
76 silly rollbackFailedOptional Finishing
77 silly runTopLevelLifecycles Starting
78 silly runTopLevelLifecycles Finishing
79 silly install printInstalled
80 verbose stack Error: EACCES: permission denied, access '/usr/local/lib/node_modules'
80 verbose stack     at Error (native)
81 verbose cwd /Users/Connor/CLWork/personalwebsite
82 error Darwin 17.5.0
83 error argv "/usr/local/bin/node" "/usr/local/bin/npm" "install" "yarn" "-g"
84 error node v5.1.1
85 error npm  v3.3.12
86 error path /usr/local/lib/node_modules
87 error code EACCES
88 error errno -13
89 error syscall access
90 error Error: EACCES: permission denied, access '/usr/local/lib/node_modules'
90 error     at Error (native)
90 error  { [Error: EACCES: permission denied, access '/usr/local/lib/node_modules']
90 error   errno: -13,
90 error   code: 'EACCES',
90 error   syscall: 'access',
90 error   path: '/usr/local/lib/node_modules' }
91 error Please try running this command again as root/Administrator.
92 verbose exit [ -13, true ]
